<?xml version="1.0" encoding="UTF-8"?>
<testsuite name="com.dinosaur.Dino.DinoApplicationTests" tests="1" skipped="0" failures="0" errors="0" timestamp="2024-03-14T07:26:48" hostname="DESKTOP-GCFQ6U4" time="1.063">
  <properties/>
  <testcase name="contextLoads()" classname="com.dinosaur.Dino.DinoApplicationTests" time="1.063"/>
  <system-out><![CDATA[16:26:45.856 [Test worker] INFO org.springframework.test.context.support.AnnotationConfigContextLoaderUtils -- Could not detect default configuration classes for test class [com.dinosaur.Dino.DinoApplicationTests]: DinoApplicationTests does not declare any static, non-private, non-final, nested classes annotated with @Configuration.
16:26:45.985 [Test worker] INFO org.springframework.boot.test.context.SpringBootTestContextBootstrapper -- Found @SpringBootConfiguration com.dinosaur.Dino.DinoApplication for test class com.dinosaur.Dino.DinoApplicationTests

  .   ____          _            __ _ _
 /\\ / ___'_ __ _ _(_)_ __  __ _ \ \ \ \
( ( )\___ | '_ | '_| | '_ \/ _` | \ \ \ \
 \\/  ___)| |_)| | | | | || (_| |  ) ) ) )
  '  |____| .__|_| |_|_| |_\__, | / / / /
 =========|_|==============|___/=/_/_/_/
 :: Spring Boot ::                (v3.2.3)

2024-03-14T16:26:46.560+09:00  INFO 14368 --- [Dino] [    Test worker] com.dinosaur.Dino.DinoApplicationTests   : Starting DinoApplicationTests using Java 21.0.2 with PID 14368 (started by a in C:\KSH\Dino)
2024-03-14T16:26:46.561+09:00  INFO 14368 --- [Dino] [    Test worker] com.dinosaur.Dino.DinoApplicationTests   : No active profile set, falling back to 1 default profile: "default"
2024-03-14T16:26:48.021+09:00  INFO 14368 --- [Dino] [    Test worker] com.dinosaur.Dino.DinoApplicationTests   : Started DinoApplicationTests in 1.788 seconds (process running for 3.347)
]]></system-out>
  <system-err><![CDATA[WARNING: A Java agent has been loaded dynamically (C:\Users\a\.gradle\caches\modules-2\files-2.1\net.bytebuddy\byte-buddy-agent\1.14.12\be4984cb6fd1ef1d11f218a648889dfda44b8a15\byte-buddy-agent-1.14.12.jar)
WARNING: If a serviceability tool is in use, please run with -XX:+EnableDynamicAgentLoading to hide this warning
WARNING: If a serviceability tool is not in use, please run with -Djdk.instrument.traceUsage for more information
WARNING: Dynamic loading of agents will be disallowed by default in a future release
]]></system-err>
</testsuite>
